<?xml version="1.0" encoding="UTF-8"?>
<testsuite xmlns:xsi="http://www.w3.org/2001/XMLSchema-instance" xsi:noNamespaceSchemaLocation="https://maven.apache.org/surefire/maven-surefire-plugin/xsd/surefire-test-report-3.0.xsd" version="3.0" name="com.neur.app.rest.RestApiApplicationTests" time="3.364" tests="1" errors="0" skipped="0" failures="0">
  <properties>
[...]
</properties>
  <testcase name="contextLoads" classname="com.neur.app.rest.RestApiApplicationTests" time="0.24">
    <system-out><![CDATA[10:43:34.536 [main] INFO org.springframework.test.context.support.AnnotationConfigContextLoaderUtils -- Could not detect default configuration classes for test class [com.neur.app.rest.RestApiApplicationTests]: RestApiApplicationTests does not declare any static, non-private, non-final, nested classes annotated with @Configuration.
10:43:34.593 [main] INFO org.springframework.boot.test.context.SpringBootTestContextBootstrapper -- Found @SpringBootConfiguration com.neur.app.rest.RestApiApplication for test class com.neur.app.rest.RestApiApplicationTests

  .   ____          _            __ _ _
 /\\ / ___'_ __ _ _(_)_ __  __ _ \ \ \ \
( ( )\___ | '_ | '_| | '_ \/ _` | \ \ \ \
 \\/  ___)| |_)| | | | | || (_| |  ) ) ) )
  '  |____| .__|_| |_|_| |_\__, | / / / /
 =========|_|==============|___/=/_/_/_/

 :: Spring Boot ::                (v3.3.5)

2025-01-10T10:43:34.815-05:00  INFO 8280 --- [RestAPI] [           main] c.neur.app.rest.RestApiApplicationTests  : Starting RestApiApplicationTests using Java 17.0.10 with PID 8280 (started by trevo in C:\Users\trevo\Documents\GitHub\neur-stack\rest)
2025-01-10T10:43:34.816-05:00  INFO 8280 --- [RestAPI] [           main] c.neur.app.rest.RestApiApplicationTests  : No active profile set, falling back to 1 default profile: "default"
2025-01-10T10:43:35.194-05:00  INFO 8280 --- [RestAPI] [           main] .s.d.r.c.RepositoryConfigurationDelegate : Bootstrapping Spring Data JPA repositories in DEFAULT mode.
2025-01-10T10:43:35.240-05:00  INFO 8280 --- [RestAPI] [           main] .s.d.r.c.RepositoryConfigurationDelegate : Finished Spring Data repository scanning in 36 ms. Found 2 JPA repository interfaces.
2025-01-10T10:43:35.579-05:00  INFO 8280 --- [RestAPI] [           main] o.hibernate.jpa.internal.util.LogHelper  : HHH000204: Processing PersistenceUnitInfo [name: default]
2025-01-10T10:43:35.627-05:00  INFO 8280 --- [RestAPI] [           main] org.hibernate.Version                    : HHH000412: Hibernate ORM core version 6.5.3.Final
2025-01-10T10:43:35.652-05:00  INFO 8280 --- [RestAPI] [           main] o.h.c.internal.RegionFactoryInitiator    : HHH000026: Second-level cache disabled
2025-01-10T10:43:35.872-05:00  INFO 8280 --- [RestAPI] [           main] o.s.o.j.p.SpringPersistenceUnitInfo      : No LoadTimeWeaver setup: ignoring JPA class transformer
2025-01-10T10:43:35.899-05:00  INFO 8280 --- [RestAPI] [           main] com.zaxxer.hikari.HikariDataSource       : HikariPool-1 - Starting...
2025-01-10T10:43:36.118-05:00  INFO 8280 --- [RestAPI] [           main] com.zaxxer.hikari.pool.HikariPool        : HikariPool-1 - Added connection org.postgresql.jdbc.PgConnection@6cd45b6c
2025-01-10T10:43:36.119-05:00  INFO 8280 --- [RestAPI] [           main] com.zaxxer.hikari.HikariDataSource       : HikariPool-1 - Start completed.
2025-01-10T10:43:36.144-05:00  WARN 8280 --- [RestAPI] [           main] org.hibernate.orm.deprecation            : HHH90000025: PostgreSQLDialect does not need to be specified explicitly using 'hibernate.dialect' (remove the property setting and it will be selected by default)
2025-01-10T10:43:36.636-05:00  INFO 8280 --- [RestAPI] [           main] o.h.e.t.j.p.i.JtaPlatformInitiator       : HHH000489: No JTA platform available (set 'hibernate.transaction.jta.platform' to enable JTA platform integration)
2025-01-10T10:43:36.666-05:00  INFO 8280 --- [RestAPI] [           main] j.LocalContainerEntityManagerFactoryBean : Initialized JPA EntityManagerFactory for persistence unit 'default'
2025-01-10T10:43:36.944-05:00  INFO 8280 --- [RestAPI] [           main] eAuthenticationProviderManagerConfigurer : Global AuthenticationManager configured with AuthenticationProvider bean with name authenticationProvider
2025-01-10T10:43:36.944-05:00  WARN 8280 --- [RestAPI] [           main] r$InitializeUserDetailsManagerConfigurer : Global AuthenticationManager configured with an AuthenticationProvider bean. UserDetailsService beans will not be used for username/password login. Consider removing the AuthenticationProvider bean. Alternatively, consider using the UserDetailsService in a manually instantiated DaoAuthenticationProvider.
2025-01-10T10:43:36.961-05:00  WARN 8280 --- [RestAPI] [           main] JpaBaseConfiguration$JpaWebConfiguration : spring.jpa.open-in-view is enabled by default. Therefore, database queries may be performed during view rendering. Explicitly configure spring.jpa.open-in-view to disable this warning
2025-01-10T10:43:37.544-05:00  INFO 8280 --- [RestAPI] [           main] c.neur.app.rest.RestApiApplicationTests  : Started RestApiApplicationTests in 2.87 seconds (process running for 3.376)
]]></system-out>
  </testcase>
</testsuite>